[1665416668] 128#C0
[1665416668] 308#FFF906000000
[1665416668] 328#97B6000030
[1665416668] 181#492B2A04
[1665416668] 182#49352A04
[1665416668] 004#E000
[1665416668] 201#900000
[1665416668] 202#900000
[1665416668] 224#FF7FFF7FFF7FFF7F
[1665416668] 368#0000FFA09BA197A1
[1665416668] 388#30E40100
[1665416668] 3A8#C96D2B6DBD650268
[1665416668] 008#000003000000
[1665416668] 181#4AD72A05
[1665416668] 182#4AE02C05
[1665416668] 025#00
[1665416668] 182#27000006
[1665416668] 181#26000006
[1665416668] 181#27000007
[1665416668] 182#26000007
[1665416668] 004#E000
[1665416668] 201#900000
[1665416668] 202#900000
[1665416668] 224#FF7FFF7FFF7FFF7F
[1665416668] 008#000003000000
[1665416668] 025#00
[1665416668] 004#E000
[1665416668] 201#900000
[1665416668] 202#900000
[1665416668] 224#FF7FFF7FFF7FFF7F
[1665416668] 109#3C00
[1665416668] 025#00
[1665416668] 008#000003000000
[1665416668] 224#FF7FFF7FFF7FFF7F
[1665416668] 201#900000
[1665416668] 202#900000
[1665416668] 004#E000
[1665416668] 430#7C076D070000
[1665416669] 025#00
[1665416669] 008#000003000000
[1665416669] 32A#FF7F
[1665416669] 30A#FF7F
[1665416669] 004#E000
[1665416669] 201#900000
[1665416669] 202#900000
[1665416669] 224#FF7FFF7FFF7FFF7F
[1665416669] 025#00
[1665416669] 227#7E647676767575
[1665416669] 207#649F659F689F12
[1665416669] 305#79F26000759F6A9D
[1665416669] 325#300C0000000000
[1665416669] 008#000003000000
[1665416669] 181#40004281020B
[1665416669] 182#40004280020B
[1665416669] 004#E000
[1665416669] 201#900000
[1665416669] 202#900000
[1665416669] 224#FF7FFF7FFF7FFF7F
[1665416669] 025#00
[1665416669] 008#000003000000
[1665416669] 004#E000
[1665416669] 201#900000
[1665416669] 202#900000
[1665416669] 224#FF7FFF7FFF7FFF7F
[1665416669] 025#00
[1665416669] 008#000003000000
[1665416669] 004#E000
[1665416669] 046#80
[1665416669] 204#20
[1665416669] 201#900000
[1665416669] 202#900000
[1665416669] 224#FF7FFF7FFF7FFF7F
[1665416669] 025#40
[1665416669] 025#40
[1665416669] 025#40
[1665416670] 008#000003000000
[1665416670] 004#E000
[1665416670] 201#900000
[1665416670] 202#900000
[1665416670] 224#FF7FFF7FFF7FFF7F
[1665416670] 025#40
[1665416670] 005#00040000
[1665416670] 008#000003000000
[1665416670] 004#E000
[1665416670] 201#900000
[1665416670] 202#900000
[1665416670] 224#FF7FFF7FFF7FFF7F
[1665416670] 182#D80004000001
[1665416670] 181#D80004000001
[1665416670] 181#8F2000040002
[1665416670] 182#8F2000040002
[1665416670] 025#40
[1665416670] 005#00040000
[1665416670] 227#81767575757575
[1665416670] 207#649F699F6B9F15
[1665416670] 305#79F26000739F6A9D
[1665416670] 325#350C0000000000
[1665416670] 181#A8000003
[1665416670] 182#A8000003
[1665416670] 345#747700
[1665416670] 128#C0
[1665416670] 308#FFFD06000000
[1665416670] 328#ADB6000030
[1665416670] 181#492B2A04
[1665416670] 182#49342A04
[1665416670] 004#E000
[1665416670] 201#900000
[1665416670] 202#900000
[1665416670] 224#FF7FFF7FFF7FFF7F
[1665416670] 181#4AD72A05
[1665416671] 182#4ADD2C05
[1665416671] 025#40
[1665416671] 005#00040000
[1665416671] 368#0000E2A080A17EA1
[1665416671] 388#E0E30100
[1665416671] 3A8#FE6DF66C81643768
[1665416671] 3C8#CC8CFF7F
[1665416671] 461#0100000001
[1665416671] 182#27000006
[1665416671] 348#DA4F
[1665416671] 108#0001000100010001
[1665416671] 181#26000006
[1665416671] 181#27000007
[1665416671] 182#26000007
[1665416671] 008#000003000000
[1665416671] 025#40
[1665416671] 004#E000
[1665416671] 201#900000
[1665416671] 202#900000
[1665416671] 224#FF7FFF7FFF7FFF7F
[1665416671] 025#40
[1665416671] 008#000003000000
[1665416671] 109#3C00
[1665416671] 004#E000
[1665416671] 201#900000
[1665416671] 202#900000
[1665416671] 224#FF7FFF7FFF7FFF7F
[1665416671] 025#40
[1665416671] 008#000003000000
[1665416671] 004#E000
[1665416671] 201#900000
[1665416671] 202#900000
[1665416671] 224#FF7FFF7FFF7FFF7F
[1665416671] 025#40
[1665416671] 008#000003000000
[1665416671] 004#E000
[1665416671] 201#900000
[1665416671] 202#900000
[1665416671] 224#FF7FFF7FFF7FFF7F
[1665416672] 025#40
[1665416672] 227#84757575747574
[1665416672] 207#669F689F6B9F18
[1665416672] 305#59F2C715739F6A9D
[1665416672] 325#720C0500000000
[1665416672] 181#40004281020B
[1665416672] 182#40004280020B
[1665416672] 008#000003000000
[1665416672] 004#E000
[1665416672] 201#900000
[1665416672] 202#900000
[1665416672] 224#FF7FFF7FFF7FFF7F
[1665416672] 025#40
[1665416672] 004#E000
[1665416672] 201#900000
[1665416672] 202#900000
[1665416672] 224#FF7FFF7FFF7FFF7F
[1665416672] 008#000003000000
[1665416672] 025#40
[1665416672] 004#E000
[1665416672] 046#80
[1665416672] 204#20
[1665416672] 201#900000
[1665416672] 202#900000
[1665416672] 224#FF7FFF7FFF7FFF7F
[1665416672] 008#000003000000
[1665416672] 025#40
[1665416672] 004#E000
[1665416672] 201#900000
[1665416672] 202#900000
[1665416672] 224#FF7FFF7FFF7FFF7F
[1665416672] 008#000003000000
[1665416672] 025#40
[1665416672] 182#D80004000001
[1665416672] 004#E000
[1665416672] 201#900000
[1665416672] 202#900000
[1665416672] 224#FF7FFF7FFF7FFF7F
[1665416672] 181#D80004000001
[1665416672] 181#8F2000040002
[1665416672] 182#8F2000040002
[1665416673] 025#40
[1665416673] 227#87747574757575
[1665416673] 207#709F6E9F6C9F1B
[1665416673] 305#79F2181F729F679D
[1665416673] 325#630C0500000000
[1665416673] 181#A8000003
[1665416673] 182#A8000003
[1665416673] 345#747700
[1665416673] 128#C0
[1665416673] 308#1FE506000000
[1665416673] 328#97B6000030
[1665416673] 368#0000ECA08BA184A1
[1665416673] 388#FBE30100
[1665416673] 3A8#946DC16CBD65DE69
[1665416673] 181#492C2A04
[1665416673] 008#000003000000
[1665416673] 182#49342A04
[1665416673] 004#E000
[1665416673] 201#900000
[1665416673] 202#900000
[1665416673] 224#FF7FFF7FFF7FFF7F
[1665416673] 181#4ADA2A05
[1665416673] 182#4AE72C05
[1665416673] 025#40
[1665416673] 182#27000006
[1665416673] 181#26000006
[1665416673] 181#27020007
[1665416673] 182#26000007
[1665416673] 008#000003000000
[1665416673] 004#E000
[1665416673] 201#900000
[1665416673] 202#900000
[1665416673] 224#FF7FFF7FFF7FFF7F
[1665416673] 025#40
[1665416673] 004#E000
[1665416673] 201#900000
[1665416673] 202#900000
[1665416673] 224#FF7FFF7FFF7FFF7F
[1665416673] 008#000003000000
[1665416673] 025#40
[1665416674] 004#E000
[1665416674] 201#900000
[1665416674] 202#900000
[1665416674] 224#FF7FFF7FFF7FFF7F
[1665416674] 430#7D0730110000
[1665416674] 008#000003000000
[1665416674] 025#40
[1665416674] 004#E000
[1665416674] 201#900000
[1665416674] 202#900000
[1665416674] 224#FF7FFF7FFF7FFF7F
[1665416674] 008#000003000000
[1665416674] 025#40
[1665416674] 227#8A757575747474
[1665416674] 207#639F679F6B9F1E
[1665416674] 305#79F2E827739F689D
[1665416674] 325#680C0800000000
[1665416674] 109#3C00
[1665416674] 181#40004281020B
[1665416674] 182#40004280020B
[1665416674] 004#E000
[1665416674] 201#900000
[1665416674] 202#900000
[1665416674] 224#FF7FFF7FFF7FFF7F
[1665416674] 025#40
[1665416674] 008#000003000000
[1665416674] 004#E000
[1665416674] 201#900000
[1665416674] 202#900000
[1665416674] 224#FF7FFF7FFF7FFF7F
[1665416674] 025#40
[1665416674] 008#000003000000
[1665416674] 004#E000
[1665416674] 046#80
[1665416674] 204#20
[1665416674] 201#900000
[1665416674] 202#900000
[1665416674] 224#FF7FFF7FFF7FFF7F
[1665416674] 025#40
[1665416674] 008#000003000000
[1665416675] 025#40
[1665416675] 008#000003000000
[1665416675] 182#D80004000001
[1665416675] 181#D80004000001
[1665416675] 181#8F2000040002
[1665416675] 182#8F2000040002
[1665416675] 025#40
[1665416675] 227#8D747474747474
[1665416675] 207#639F699F6F9F21
[1665416675] 305#79F25830739F689D
[1665416675] 325#6D0C0B00000000
[1665416675] 181#A8000003
[1665416675] 182#A8000003
[1665416675] 345#747700
[1665416675] 128#C0
[1665416675] 308#1FE506000000
[1665416675] 247#00
[1665416675] 007#00
[1665416675] 307#000000
[1665416675] 328#C5B6000030
[1665416675] 441#0100000001
[1665416675] 181#492A2A04
[1665416675] 182#49342A04
[1665416675] 181#4AD32A05
[1665416675] 368#0000FCA097A192A1
[1665416675] 388#25E40100
[1665416675] 3A8#606D576C64679967
[1665416675] 182#4AE72C05
[1665416675] 008#000003000000
[1665416675] 025#40
[1665416675] 182#27000006
[1665416675] 181#26000006
[1665416675] 181#27000007
[1665416675] 182#26000007
[1665416675] 008#000003000000
[1665416675] 025#40
[1665416676] 025#40
[1665416676] 008#000003000000
[1665416676] 109#3C00
[1665416676] 025#40
[1665416676] 008#000003000000
[1665416676] 025#40
[1665416676] 227#90747474747473
[1665416676] 207#F39EE99EE89E24
[1665416676] 305#79F26638739F689D
[1665416676] 325#680C0B00000000
[1665416676] 008#000003000000
[1665416676] 004#E000
[1665416676] 201#900000
[1665416676] 202#900000
[1665416676] 224#FF7FFF7FFF7FFF7F
[1665416676] 181#40004281020B
[1665416676] 182#40004280020B
[1665416676] 025#40
[1665416676] 202#900000
[1665416676] 008#000003000000
[1665416676] 004#E000
[1665416676] 201#900000
[1665416676] 224#FF7FFF7FFF7FFF7F
[1665416676] 025#40
[1665416676] 004#E000
[1665416676] 201#900000
[1665416676] 202#900000
[1665416676] 224#FF7FFF7FFF7FFF7F
[1665416676] 008#000003000000
[1665416676] 204#20
[1665416676] 046#80
[1665416676] 025#40
[1665416676] 004#E000
[1665416676] 201#900000
[1665416676] 202#900000
[1665416676] 224#FF7FFF7FFF7FFF7F
[1665416676] 008#000003000000
[1665416676] 025#40
[1665416677] 004#E000
[1665416677] 201#900000
[1665416677] 202#900000
[1665416677] 224#FF7FFF7FFF7FFF7F
[1665416677] 182#D80004000001
[1665416677] 0A0#66FF
