[1665142788] 227#99757575757575
[1665142788] 207#EC9EED9EEE9E2D
[1665142788] 305#79F26E4E729F699D
[1665142788] 325#680C1000000000
[1665142788] 181#A8000003
[1665142788] 182#A8000003
[1665142788] 345#747700
[1665142788] 128#C0
[1665142788] 308#1FE506000000
[1665142788] 328#97B6000030
[1665142788] 004#E000
[1665142788] 201#900000
[1665142788] 202#900000
[1665142788] 224#FF7FFF7FFF7FFF7F
[1665142788] 181#492A2A04
[1665142788] 182#49362A04
[1665142788] 181#4AD52A05
[1665142788] 182#4AE12C05
[1665142788] 368#0000FCA09BA196A1
[1665142788] 388#2DE40100
[1665142788] 3A8#F66C576C4C642F67
[1665142788] 008#000003000000
[1665142788] 025#40
[1665142788] 182#27000006
[1665142788] 181#26000006
[1665142788] 181#27000007
[1665142788] 182#26000007
[1665142788] 004#E000
[1665142788] 201#900000
[1665142788] 202#900000
[1665142788] 224#FF7FFF7FFF7FFF7F
[1665142788] 109#3C00
[1665142789] 025#40
[1665142789] 008#000003000000
[1665142789] 202#900000
[1665142789] 004#E000
[1665142789] 201#900000
[1665142789] 224#FF7FFF7FFF7FFF7F
[1665142789] 025#40
[1665142789] 008#000003000000
[1665142789] 004#E000
[1665142789] 201#900000
[1665142789] 202#900000
[1665142789] 224#FF7FFF7FFF7FFF7F
[1665142789] 025#40
[1665142789] 008#000003000000
[1665142789] 004#E000
[1665142789] 201#900000
[1665142789] 202#900000
[1665142789] 224#FF7FFF7FFF7FFF7F
[1665142789] 025#40
[1665142789] 227#9C757575747575
[1665142789] 207#EE9EED9EEE9E30
[1665142789] 305#79F21A55729F689D
[1665142789] 325#680C1100000000
[1665142789] 008#000003000000
[1665142789] 004#E000
[1665142789] 201#900000
[1665142789] 202#900000
[1665142789] 224#FF7FFF7FFF7FFF7F
[1665142789] 181#40004281020B
[1665142789] 182#40004280020B
[1665142789] 025#40
[1665142789] 004#E000
[1665142789] 201#900000
[1665142789] 202#900000
[1665142789] 224#FF7FFF7FFF7FFF7F
[1665142789] 008#000003000000
[1665142789] 025#40
[1665142789] 004#E000
[1665142789] 201#900000
[1665142789] 202#900000
[1665142789] 224#FF7FFF7FFF7FFF7F
[1665142790] 008#000003000000
[1665142790] 204#20
[1665142790] 046#80
[1665142790] 025#40
[1665142790] 32A#FF7F
[1665142790] 30A#FF7F
[1665142790] 004#E000
[1665142790] 201#900000
[1665142790] 202#900000
[1665142790] 224#FF7FFF7FFF7FFF7F
[1665142790] 008#000003000000
[1665142790] 025#40
[1665142790] 004#E000
[1665142790] 201#900000
[1665142790] 202#900000
[1665142790] 224#FF7FFF7FFF7FFF7F
[1665142790] 182#D80004000001
[1665142790] 181#D80004000001
[1665142790] 181#8F2000040002
[1665142790] 182#8F2000040002
[1665142790] 025#40
[1665142790] 227#9F747575747475
[1665142790] 207#ED9EEC9EE59E33
[1665142790] 305#79F2865B739F6A9D
[1665142790] 325#680C1300000000
[1665142790] 368#0000FDA09CA195A1
[1665142790] 388#2EE40100
[1665142790] 181#A8000003
