[1665142776] 128#C0
[1665142776] 308#FFF906000000
[1665142776] 328#97B6000030
[1665142776] 181#492B2A04
[1665142776] 182#49352A04
[1665142776] 004#E000
[1665142776] 201#900000
[1665142776] 202#900000
[1665142776] 224#FF7FFF7FFF7FFF7F
[1665142776] 368#0000FFA09BA197A1
[1665142776] 388#30E40100
[1665142776] 3A8#C96D2B6DBD650268
[1665142776] 008#000003000000
[1665142776] 181#4AD72A05
[1665142776] 182#4AE02C05
[1665142776] 025#00
[1665142776] 182#27000006
[1665142776] 181#26000006
[1665142776] 181#27000007
[1665142777] 182#26000007
[1665142777] 004#E000
[1665142777] 201#900000
[1665142777] 202#900000
[1665142777] 224#FF7FFF7FFF7FFF7F
[1665142777] 008#000003000000
[1665142777] 025#00
[1665142777] 004#E000
[1665142777] 201#900000
[1665142777] 202#900000
[1665142777] 224#FF7FFF7FFF7FFF7F
[1665142777] 109#3C00
[1665142777] 025#00
[1665142777] 008#000003000000
[1665142777] 224#FF7FFF7FFF7FFF7F
[1665142777] 201#900000
[1665142777] 202#900000
[1665142777] 004#E000
[1665142777] 430#7C076D070000
[1665142777] 025#00
[1665142777] 008#000003000000
[1665142777] 32A#FF7F
[1665142777] 30A#FF7F
[1665142777] 004#E000
[1665142777] 201#900000
[1665142777] 202#900000
[1665142777] 224#FF7FFF7FFF7FFF7F
[1665142777] 025#00
[1665142777] 227#7E647676767575
[1665142777] 207#649F659F689F12
[1665142777] 305#79F26000759F6A9D
[1665142777] 325#300C0000000000
[1665142777] 008#000003000000
[1665142777] 181#40004281020B
[1665142777] 182#40004280020B
[1665142777] 004#E000
[1665142777] 201#900000
[1665142777] 202#900000
[1665142777] 224#FF7FFF7FFF7FFF7F
[1665142777] 025#00
[1665142778] 008#000003000000
[1665142778] 004#E000
[1665142778] 201#900000
[1665142778] 202#900000
[1665142778] 224#FF7FFF7FFF7FFF7F
[1665142778] 025#00
[1665142778] 008#000003000000
[1665142778] 004#E000
[1665142778] 046#80
[1665142778] 204#20
[1665142778] 201#900000
[1665142778] 202#900000
[1665142778] 224#FF7FFF7FFF7FFF7F
[1665142778] 025#40
[1665142778] 025#40
[1665142778] 025#40
[1665142778] 008#000003000000
[1665142778] 004#E000
[1665142778] 201#900000
[1665142778] 202#900000
[1665142778] 224#FF7FFF7FFF7FFF7F
[1665142778] 025#40
[1665142778] 005#00040000
[1665142778] 008#000003000000
[1665142778] 004#E000
[1665142778] 201#900000
[1665142778] 202#900000
[1665142778] 224#FF7FFF7FFF7FFF7F
[1665142778] 182#D80004000001
[1665142778] 181#D80004000001
[1665142778] 181#8F2000040002
[1665142778] 182#8F2000040002
[1665142778] 025#40
[1665142778] 005#00040000
[1665142778] 227#81767575757575
[1665142778] 207#649F699F6B9F15
[1665142778] 305#79F26000739F6A9D
[1665142778] 325#350C0000000000
[1665142779] 181#A8000003
[1665142779] 182#A8000003
[1665142779] 345#747700
[1665142779] 128#C0
[1665142779] 308#FFFD06000000
[1665142779] 328#ADB6000030
[1665142779] 181#492B2A04
[1665142779] 182#49342A04
[1665142779] 004#E000
[1665142779] 201#900000
[1665142779] 202#900000
[1665142779] 224#FF7FFF7FFF7FFF7F
[1665142779] 181#4AD72A05
[1665142779] 182#4ADD2C05
[1665142779] 025#40
[1665142779] 005#00040000
[1665142779] 368#0000E2A080A17EA1
[1665142779] 388#E0E30100
[1665142779] 3A8#FE6DF66C81643768
[1665142779] 3C8#CC8CFF7F
[1665142779] 461#0100000001
[1665142779] 182#27000006
[1665142779] 348#DA4F
[1665142779] 108#0001000100010001
[1665142779] 181#26000006
[1665142779] 181#27000007
[1665142779] 182#26000007
[1665142779] 008#000003000000
[1665142779] 025#40
[1665142779] 004#E000
[1665142779] 201#900000
[1665142779] 202#900000
[1665142779] 224#FF7FFF7FFF7FFF7F
[1665142779] 025#40
[1665142779] 008#000003000000
[1665142779] 109#3C00
[1665142779] 004#E000
[1665142779] 201#900000
[1665142779] 202#900000
[1665142780] 224#FF7FFF7FFF7FFF7F
[1665142780] 025#40
[1665142780] 008#000003000000
[1665142780] 004#E000
[1665142780] 201#900000
[1665142780] 202#900000
[1665142780] 224#FF7FFF7FFF7FFF7F
[1665142780] 025#40
[1665142780] 008#000003000000
[1665142780] 004#E000
[1665142780] 201#900000
[1665142780] 202#900000
[1665142780] 224#FF7FFF7FFF7FFF7F
[1665142780] 025#40
[1665142780] 227#84757575747574
[1665142780] 207#669F689F6B9F18
[1665142780] 305#59F2C715739F6A9D
[1665142780] 325#720C0500000000
[1665142780] 181#40004281020B
[1665142780] 182#40004280020B
[1665142780] 008#000003000000
[1665142780] 004#E000
[1665142780] 201#900000
[1665142780] 202#900000
[1665142780] 224#FF7FFF7FFF7FFF7F
[1665142780] 025#40
[1665142780] 004#E000
[1665142780] 201#900000
[1665142780] 202#900000
[1665142780] 224#FF7FFF7FFF7FFF7F
[1665142780] 008#000003000000
[1665142780] 025#40
[1665142780] 004#E000
[1665142780] 046#80
[1665142780] 204#20
[1665142780] 201#900000
[1665142780] 202#900000
[1665142780] 224#FF7FFF7FFF7FFF7F
[1665142780] 008#000003000000
[1665142780] 025#40
[1665142780] 004#E000
[1665142781] 201#900000
[1665142781] 202#900000
[1665142781] 224#FF7FFF7FFF7FFF7F
[1665142781] 008#000003000000
[1665142781] 025#40
[1665142781] 182#D80004000001
[1665142781] 004#E000
[1665142781] 201#900000
[1665142781] 202#900000
[1665142781] 224#FF7FFF7FFF7FFF7F
[1665142781] 181#D80004000001
[1665142781] 181#8F2000040002
[1665142781] 182#8F2000040002
[1665142781] 025#40
[1665142781] 227#87747574757575
[1665142781] 207#709F6E9F6C9F1B
[1665142781] 305#79F2181F729F679D
[1665142781] 325#630C0500000000
[1665142781] 181#A8000003
[1665142781] 182#A8000003
[1665142781] 345#747700
[1665142781] 128#C0
[1665142781] 308#1FE506000000
[1665142781] 328#97B6000030
[1665142781] 368#0000ECA08BA184A1
[1665142781] 388#FBE30100
[1665142781] 3A8#946DC16CBD65DE69
[1665142781] 181#492C2A04
[1665142781] 008#000003000000
[1665142781] 182#49342A04
[1665142781] 004#E000
[1665142781] 201#900000
[1665142781] 202#900000
[1665142781] 224#FF7FFF7FFF7FFF7F
[1665142781] 181#4ADA2A05
[1665142781] 182#4AE72C05
[1665142781] 025#40
[1665142781] 182#27000006
[1665142782] 181#26000006
[1665142782] 181#27020007
[1665142782] 182#26000007
[1665142782] 008#000003000000
[1665142782] 004#E000
[1665142782] 201#900000
[1665142782] 202#900000
[1665142782] 224#FF7FFF7FFF7FFF7F
[1665142782] 025#40
[1665142782] 004#E000
[1665142782] 201#900000
[1665142782] 202#900000
[1665142782] 224#FF7FFF7FFF7FFF7F
[1665142782] 008#000003000000
[1665142782] 025#40
[1665142782] 004#E000
[1665142782] 201#900000
[1665142782] 202#900000
[1665142782] 224#FF7FFF7FFF7FFF7F
[1665142782] 430#7D0730110000
[1665142782] 008#000003000000
[1665142782] 025#40
[1665142782] 004#E000
[1665142782] 201#900000
[1665142782] 202#900000
[1665142782] 224#FF7FFF7FFF7FFF7F
[1665142782] 008#000003000000
[1665142782] 025#40
[1665142782] 227#8A757575747474
[1665142782] 207#639F679F6B9F1E
[1665142782] 305#79F2E827739F689D
[1665142782] 325#680C0800000000
[1665142782] 109#3C00
[1665142782] 181#40004281020B
[1665142782] 182#40004280020B
[1665142782] 004#E000
[1665142782] 201#900000
[1665142783] 202#900000
[1665142783] 224#FF7FFF7FFF7FFF7F
[1665142783] 025#40
[1665142783] 008#000003000000
[1665142783] 004#E000
[1665142783] 201#900000
[1665142783] 202#900000
[1665142783] 224#FF7FFF7FFF7FFF7F
[1665142783] 025#40
[1665142783] 008#000003000000
[1665142783] 004#E000
[1665142783] 046#80
[1665142783] 204#20
[1665142783] 201#900000
[1665142783] 202#900000
[1665142783] 224#FF7FFF7FFF7FFF7F
[1665142783] 025#40
[1665142783] 008#000003000000
[1665142783] 025#40
[1665142783] 008#000003000000
[1665142783] 182#D80004000001
[1665142783] 181#D80004000001
[1665142783] 181#8F2000040002
[1665142783] 182#8F2000040002
[1665142783] 025#40
[1665142783] 227#8D747474747474
[1665142783] 207#639F699F6F9F21
[1665142783] 305#79F25830739F689D
[1665142783] 325#6D0C0B00000000
[1665142783] 181#A8000003
[1665142783] 182#A8000003
[1665142783] 345#747700
[1665142783] 128#C0
[1665142783] 308#1FE506000000
[1665142783] 247#00
[1665142783] 007#00
[1665142783] 307#000000
[1665142784] 328#C5B6000030
[1665142784] 441#0100000001
[1665142784] 181#492A2A04
[1665142784] 182#49342A04
[1665142784] 181#4AD32A05
[1665142784] 368#0000FCA097A192A1
[1665142784] 388#25E40100
[1665142784] 3A8#606D576C64679967
[1665142784] 182#4AE72C05
[1665142784] 008#000003000000
[1665142784] 025#40
[1665142784] 182#27000006
[1665142784] 181#26000006
[1665142784] 181#27000007
[1665142784] 182#26000007
[1665142784] 008#000003000000
[1665142784] 025#40
[1665142784] 025#40
[1665142784] 008#000003000000
[1665142784] 109#3C00
[1665142784] 025#40
[1665142784] 008#000003000000
[1665142784] 025#40
[1665142784] 227#90747474747473
[1665142784] 207#F39EE99EE89E24
[1665142784] 305#79F26638739F689D
[1665142784] 325#680C0B00000000
[1665142784] 008#000003000000
[1665142784] 004#E000
[1665142784] 201#900000
[1665142784] 202#900000
[1665142784] 224#FF7FFF7FFF7FFF7F
[1665142784] 181#40004281020B
[1665142784] 182#40004280020B
[1665142784] 025#40
[1665142784] 202#900000
[1665142784] 008#000003000000
[1665142784] 004#E000
[1665142785] 201#900000
[1665142785] 224#FF7FFF7FFF7FFF7F
[1665142785] 025#40
[1665142785] 004#E000
[1665142785] 201#900000
[1665142785] 202#900000
[1665142785] 224#FF7FFF7FFF7FFF7F
[1665142785] 008#000003000000
[1665142785] 204#20
[1665142785] 046#80
[1665142785] 025#40
[1665142785] 004#E000
[1665142785] 201#900000
[1665142785] 202#900000
[1665142785] 224#FF7FFF7FFF7FFF7F
[1665142785] 008#000003000000
[1665142785] 025#40
[1665142785] 004#E000
[1665142785] 201#900000
[1665142785] 202#900000
[1665142785] 224#FF7FFF7FFF7FFF7F
[1665142785] 182#D80004000001
[1665142785] 0A0#66FF
