[1665416679] 227#99757575757575
[1665416679] 207#EC9EED9EEE9E2D
[1665416679] 305#79F26E4E729F699D
[1665416679] 325#680C1000000000
[1665416679] 181#A8000003
[1665416679] 182#A8000003
[1665416679] 345#747700
[1665416679] 128#C0
[1665416679] 308#1FE506000000
[1665416679] 328#97B6000030
[1665416679] 004#E000
[1665416679] 201#900000
[1665416679] 202#900000
[1665416679] 224#FF7FFF7FFF7FFF7F
[1665416679] 181#492A2A04
[1665416679] 182#49362A04
[1665416680] 181#4AD52A05
[1665416680] 182#4AE12C05
[1665416680] 368#0000FCA09BA196A1
[1665416680] 388#2DE40100
[1665416680] 3A8#F66C576C4C642F67
[1665416680] 008#000003000000
[1665416680] 025#40
[1665416680] 182#27000006
[1665416680] 181#26000006
[1665416680] 181#27000007
[1665416680] 182#26000007
[1665416680] 004#E000
[1665416680] 201#900000
[1665416680] 202#900000
[1665416680] 224#FF7FFF7FFF7FFF7F
[1665416680] 109#3C00
[1665416680] 025#40
[1665416680] 008#000003000000
[1665416680] 202#900000
[1665416680] 004#E000
[1665416680] 201#900000
[1665416680] 224#FF7FFF7FFF7FFF7F
[1665416680] 025#40
[1665416680] 008#000003000000
[1665416680] 004#E000
[1665416680] 201#900000
[1665416680] 202#900000
[1665416680] 224#FF7FFF7FFF7FFF7F
[1665416680] 025#40
[1665416680] 008#000003000000
[1665416680] 004#E000
[1665416680] 201#900000
[1665416680] 202#900000
[1665416680] 224#FF7FFF7FFF7FFF7F
[1665416680] 025#40
[1665416680] 227#9C757575747575
[1665416680] 207#EE9EED9EEE9E30
[1665416680] 305#79F21A55729F689D
[1665416680] 325#680C1100000000
[1665416680] 008#000003000000
[1665416681] 004#E000
[1665416681] 201#900000
[1665416681] 202#900000
[1665416681] 224#FF7FFF7FFF7FFF7F
[1665416681] 181#40004281020B
[1665416681] 182#40004280020B
[1665416681] 025#40
[1665416681] 004#E000
[1665416681] 201#900000
[1665416681] 202#900000
[1665416681] 224#FF7FFF7FFF7FFF7F
[1665416681] 008#000003000000
[1665416681] 025#40
[1665416681] 004#E000
[1665416681] 201#900000
[1665416681] 202#900000
[1665416681] 224#FF7FFF7FFF7FFF7F
[1665416681] 008#000003000000
[1665416681] 204#20
[1665416681] 046#80
[1665416681] 025#40
[1665416681] 32A#FF7F
[1665416681] 30A#FF7F
[1665416681] 004#E000
[1665416681] 201#900000
[1665416681] 202#900000
[1665416681] 224#FF7FFF7FFF7FFF7F
[1665416681] 008#000003000000
[1665416681] 025#40
[1665416681] 004#E000
[1665416681] 201#900000
[1665416681] 202#900000
[1665416681] 224#FF7FFF7FFF7FFF7F
[1665416681] 182#D80004000001
[1665416682] 181#D80004000001
[1665416682] 181#8F2000040002
[1665416682] 182#8F2000040002
[1665416682] 025#40
[1665416682] 227#9F747575747475
[1665416682] 207#ED9EEC9EE59E33
[1665416682] 305#79F2865B739F6A9D
[1665416682] 325#680C1300000000
[1665416682] 368#0000FDA09CA195A1
[1665416682] 388#2EE40100
[1665416682] 181#A8000003
[1665416682] 108#0001000100010001
[1665416682] 3A8#2B6D8C6CBD65CE67
[1665416682] 182#A8000003
[1665416682] 008#000003000000
[1665416682] 345#747700
[1665416682] 128#C0
[1665416682] 308#1FE506000000
[1665416682] 328#A2B6000030
[1665416682] 004#E000
[1665416682] 201#900000
[1665416682] 202#900000
[1665416682] 224#FF7FFF7FFF7FFF7F
[1665416682] 181#492A2A04
[1665416682] 182#49362A04
[1665416682] 181#4AD62A05
[1665416682] 182#4AE82C05
[1665416682] 025#40
[1665416682] 182#27FFFF06
[1665416682] 181#26000006
[1665416682] 181#27000007
[1665416682] 182#26000007
[1665416682] 008#000003000000
[1665416682] 004#E000
[1665416682] 201#900000
[1665416682] 202#900000
[1665416682] 224#FF7FFF7FFF7FFF7F
[1665416682] 109#3C00
[1665416682] 025#40
[1665416682] 224#FF7FFF7FFF7FFF7F
[1665416682] 202#900000
[1665416682] 201#900000
[1665416682] 004#E000
[1665416682] 008#000003000000
[1665416683] 025#40
[1665416683] 004#E000
[1665416683] 201#900000
[1665416683] 202#900000
[1665416683] 224#FF7FFF7FFF7FFF7F
[1665416683] 430#7F07EC2A0000
[1665416683] 008#000003000000
[1665416683] 025#40
[1665416683] 004#E000
[1665416683] 201#900000
[1665416683] 202#900000
[1665416683] 224#FF7FFF7FFF7FFF7F
[1665416683] 008#000003000000
[1665416683] 025#40
[1665416683] 227#A2747475757574
[1665416683] 207#649F5C9F649F36
[1665416683] 305#79F29161739F6A9D
[1665416683] 325#630C1200000000
[1665416683] 004#E000
[1665416683] 201#900000
[1665416683] 202#900000
[1665416683] 224#FF7FFF7FFF7FFF7F
[1665416683] 181#40004281020B
[1665416683] 182#40004280020B
[1665416683] 008#000003000000
[1665416683] 025#40
[1665416683] 008#000003000000
[1665416683] 025#40
[1665416683] 008#000003000000
[1665416683] 025#40
[1665416683] 309#40
[1665416683] 025#00
[1665416683] 309#40
[1665416683] 008#000003000000
[1665416683] 025#00
[1665416683] 227#78767676767676
[1665416683] 207#709F669F659F0C
[1665416684] 305#79F2A100749F699D
[1665416684] 325#350C0000000000
[1665416684] 309#40
[1665416684] 181#40004281020B
[1665416684] 182#40004280020B
[1665416684] 008#000003000000
[1665416684] 025#00
[1665416684] 309#40
[1665416684] 025#00
[1665416684] 008#000003000000
[1665416684] 004#E000
[1665416684] 046#00
[1665416684] 204#00
[1665416684] 201#900000
[1665416684] 202#900000
[1665416684] 224#FF7FFF7FFF7FFF7F
[1665416684] 025#00
[1665416684] 008#000003000000
[1665416684] 004#E000
[1665416684] 201#900000
[1665416684] 202#900000
[1665416684] 224#FF7FFF7FFF7FFF7F
[1665416684] 025#00
[1665416684] 008#000003000000
[1665416684] 121#1A00
[1665416684] 421#01000000E5
[1665416684] 004#E000
[1665416684] 201#900000
[1665416684] 202#900000
[1665416684] 224#FF7FFF7FFF7FFF7F
[1665416684] 182#D80004000001
[1665416684] 181#D80004000001
[1665416684] 181#8F2000040002
[1665416684] 025#00
[1665416684] 182#8F2000040002
[1665416684] 227#7B767676647676
[1665416684] 207#649F649F659F0F
[1665416684] 305#79F28000739F6A9D
[1665416684] 325#300C0000000000
[1665416684] 181#A8000003
[1665416684] 182#A8000003
[1665416684] 345#747700
[1665416685] 128#C0
[1665416685] 308#FFF906000000
[1665416685] 328#97B6000030
[1665416685] 181#492B2A04
[1665416685] 182#49352A04
[1665416685] 004#E000
[1665416685] 201#900000
[1665416685] 202#900000
[1665416685] 224#FF7FFF7FFF7FFF7F
[1665416685] 368#0000FFA09BA197A1
[1665416685] 388#30E40100
[1665416685] 3A8#C96D2B6DBD650268
[1665416685] 008#000003000000
[1665416685] 181#4AD72A05
[1665416685] 182#4AE02C05
[1665416685] 025#00
[1665416685] 182#27000006
[1665416685] 181#26000006
[1665416685] 181#27000007
[1665416685] 182#26000007
[1665416685] 004#E000
[1665416685] 201#900000
[1665416685] 202#900000
[1665416685] 224#FF7FFF7FFF7FFF7F
[1665416685] 008#000003000000
[1665416685] 025#00
[1665416685] 004#E000
[1665416685] 201#900000
[1665416685] 202#900000
[1665416685] 224#FF7FFF7FFF7FFF7F
[1665416685] 109#3C00
[1665416685] 025#00
[1665416686] 008#000003000000
[1665416686] 224#FF7FFF7FFF7FFF7F
[1665416686] 201#900000
[1665416686] 202#900000
[1665416686] 004#E000
[1665416686] 430#7C076D070000
[1665416686] 025#00
[1665416686] 008#000003000000
[1665416686] 32A#FF7F
[1665416686] 30A#FF7F
[1665416686] 004#E000
[1665416686] 201#900000
[1665416686] 202#900000
[1665416686] 224#FF7FFF7FFF7FFF7F
[1665416686] 025#00
[1665416686] 227#7E647676767575
[1665416686] 207#649F659F689F12
[1665416686] 305#79F26000759F6A9D
[1665416686] 325#300C0000000000
[1665416686] 008#000003000000
[1665416686] 181#40004281020B
[1665416686] 182#40004280020B
[1665416686] 004#E000
[1665416686] 201#900000
[1665416686] 202#900000
[1665416686] 224#FF7FFF7FFF7FFF7F
[1665416686] 025#00
[1665416686] 008#000003000000
[1665416686] 004#E000
[1665416686] 201#900000
[1665416687] 202#900000
[1665416687] 224#FF7FFF7FFF7FFF7F
[1665416687] 025#00
[1665416687] 008#000003000000
[1665416687] 004#E000
[1665416687] 046#80
[1665416687] 204#20
[1665416687] 201#900000
[1665416687] 202#900000
[1665416687] 224#FF7FFF7FFF7FFF7F
[1665416687] 025#40
[1665416687] 025#40
[1665416687] 025#40
[1665416687] 008#000003000000
[1665416687] 004#E000
[1665416687] 201#900000
[1665416687] 202#900000
[1665416687] 224#FF7FFF7FFF7FFF7F
[1665416687] 025#40
[1665416687] 005#00040000
[1665416687] 008#000003000000
[1665416687] 004#E000
[1665416687] 201#900000
[1665416687] 202#900000
[1665416687] 0A0#66FF
