[1665090721] 227#99757575757575
[1665090721] 207#EC9EED9EEE9E2D
[1665090721] 305#79F26E4E729F699D
[1665090721] 325#680C1000000000
[1665090721] 181#A8000003
[1665090721] 182#A8000003
[1665090721] 345#747700
[1665090721] 128#C0
[1665090721] 308#1FE506000000
[1665090721] 328#97B6000030
[1665090721] 004#E000
[1665090721] 201#900000
[1665090721] 202#900000
[1665090721] 224#FF7FFF7FFF7FFF7F
[1665090721] 181#492A2A04
[1665090721] 182#49362A04
[1665090721] 181#4AD52A05
[1665090721] 182#4AE12C05
[1665090721] 368#0000FCA09BA196A1
[1665090721] 388#2DE40100
[1665090721] 3A8#F66C576C4C642F67
[1665090721] 008#000003000000
[1665090721] 025#40
[1665090721] 182#27000006
[1665090721] 181#26000006
[1665090721] 181#27000007
[1665090721] 182#26000007
[1665090721] 004#E000
[1665090721] 201#900000
[1665090721] 202#900000
[1665090721] 224#FF7FFF7FFF7FFF7F
[1665090721] 109#3C00
[1665090721] 025#40
[1665090721] 008#000003000000
[1665090721] 202#900000
[1665090721] 004#E000
[1665090721] 201#900000
[1665090721] 224#FF7FFF7FFF7FFF7F
[1665090721] 025#40
[1665090721] 008#000003000000
[1665090721] 004#E000
[1665090721] 201#900000
[1665090721] 202#900000
[1665090722] 224#FF7FFF7FFF7FFF7F
[1665090722] 025#40
[1665090722] 008#000003000000
[1665090722] 004#E000
[1665090722] 201#900000
[1665090722] 202#900000
[1665090722] 224#FF7FFF7FFF7FFF7F
[1665090722] 025#40
[1665090722] 227#9C757575747575
[1665090722] 207#EE9EED9EEE9E30
[1665090722] 305#79F21A55729F689D
[1665090722] 325#680C1100000000
[1665090722] 008#000003000000
[1665090722] 004#E000
[1665090722] 201#900000
[1665090722] 202#900000
[1665090722] 224#FF7FFF7FFF7FFF7F
[1665090722] 181#40004281020B
[1665090722] 182#40004280020B
[1665090722] 025#40
[1665090722] 004#E000
[1665090722] 201#900000
[1665090722] 202#900000
[1665090722] 224#FF7FFF7FFF7FFF7F
[1665090722] 008#000003000000
[1665090722] 025#40
[1665090722] 004#E000
[1665090722] 201#900000
[1665090722] 202#900000
[1665090722] 224#FF7FFF7FFF7FFF7F
[1665090722] 008#000003000000
[1665090722] 204#20
[1665090722] 046#80
[1665090722] 025#40
[1665090722] 32A#FF7F
[1665090722] 30A#FF7F
[1665090722] 004#E000
[1665090722] 201#900000
[1665090722] 202#900000
[1665090723] 224#FF7FFF7FFF7FFF7F
[1665090723] 008#000003000000
[1665090723] 025#40
[1665090723] 004#E000
[1665090723] 201#900000
[1665090723] 202#900000
[1665090723] 224#FF7FFF7FFF7FFF7F
[1665090723] 182#D80004000001
[1665090723] 181#D80004000001
[1665090723] 181#8F2000040002
[1665090723] 182#8F2000040002
[1665090723] 025#40
[1665090723] 227#9F747575747475
[1665090723] 207#ED9EEC9EE59E33
[1665090723] 305#79F2865B739F6A9D
[1665090723] 325#680C1300000000
[1665090723] 368#0000FDA09CA195A1
[1665090723] 388#2EE40100
[1665090723] 181#A8000003
[1665090723] 108#0001000100010001
[1665090723] 3A8#2B6D8C6CBD65CE67
[1665090723] 182#A8000003
[1665090723] 008#000003000000
[1665090723] 345#747700
[1665090723] 128#C0
[1665090723] 308#1FE506000000
[1665090723] 328#A2B6000030
[1665090723] 004#E000
[1665090723] 201#900000
[1665090723] 202#900000
[1665090723] 224#FF7FFF7FFF7FFF7F
[1665090723] 181#492A2A04
[1665090723] 182#49362A04
[1665090723] 181#4AD62A05
[1665090723] 182#4AE82C05
[1665090723] 025#40
[1665090723] 182#27FFFF06
[1665090723] 181#26000006
[1665090723] 181#27000007
[1665090723] 182#26000007
[1665090723] 008#000003000000
[1665090723] 004#E000
[1665090723] 201#900000
[1665090723] 202#900000
[1665090723] 224#FF7FFF7FFF7FFF7F
[1665090723] 109#3C00
[1665090723] 025#40
[1665090724] 224#FF7FFF7FFF7FFF7F
[1665090724] 202#900000
[1665090724] 201#900000
[1665090724] 004#E000
[1665090724] 008#000003000000
[1665090724] 025#40
[1665090724] 004#E000
[1665090724] 201#900000
[1665090724] 202#900000
[1665090724] 224#FF7FFF7FFF7FFF7F
[1665090724] 430#7F07EC2A0000
[1665090724] 008#000003000000
[1665090724] 025#40
[1665090724] 004#E000
[1665090724] 201#900000
[1665090724] 202#900000
[1665090724] 224#FF7FFF7FFF7FFF7F
[1665090724] 008#000003000000
[1665090724] 025#40
[1665090724] 227#A2747475757574
[1665090724] 207#649F5C9F649F36
[1665090724] 305#79F29161739F6A9D
[1665090724] 325#630C1200000000
[1665090724] 004#E000
[1665090724] 201#900000
[1665090724] 202#900000
[1665090724] 224#FF7FFF7FFF7FFF7F
[1665090724] 181#40004281020B
[1665090724] 182#40004280020B
[1665090724] 008#000003000000
[1665090724] 025#40
[1665090724] 008#000003000000
[1665090724] 025#40
[1665090724] 008#000003000000
[1665090724] 025#40
[1665090724] 309#40
[1665090724] 025#00
[1665090724] 309#40
[1665090724] 008#000003000000
[1665090724] 025#00
[1665090724] 227#78767676767676
[1665090724] 207#709F669F659F0C
[1665090724] 305#79F2A100749F699D
[1665090724] 325#350C0000000000
[1665090724] 309#40
[1665090724] 181#40004281020B
[1665090724] 182#40004280020B
[1665090724] 008#000003000000
[1665090725] 025#00
[1665090725] 309#40
[1665090725] 025#00
[1665090725] 008#000003000000
[1665090725] 004#E000
[1665090725] 046#00
[1665090725] 204#00
[1665090725] 201#900000
[1665090725] 202#900000
[1665090725] 224#FF7FFF7FFF7FFF7F
[1665090725] 025#00
[1665090725] 008#000003000000
[1665090725] 004#E000
[1665090725] 201#900000
[1665090725] 202#900000
[1665090725] 224#FF7FFF7FFF7FFF7F
[1665090725] 025#00
[1665090725] 008#000003000000
[1665090725] 121#1A00
[1665090725] 421#01000000E5
[1665090725] 004#E000
[1665090725] 201#900000
[1665090725] 202#900000
[1665090725] 224#FF7FFF7FFF7FFF7F
[1665090725] 182#D80004000001
[1665090725] 181#D80004000001
[1665090725] 181#8F2000040002
[1665090725] 025#00
[1665090725] 182#8F2000040002
[1665090725] 227#7B767676647676
[1665090725] 207#649F649F659F0F
[1665090725] 305#79F28000739F6A9D
[1665090725] 325#300C0000000000
[1665090725] 181#A8000003
[1665090725] 182#A8000003
[1665090725] 345#747700
[1665090725] 128#C0
[1665090725] 308#FFF906000000
[1665090725] 328#97B6000030
[1665090725] 181#492B2A04
[1665090725] 182#49352A04
[1665090725] 004#E000
[1665090725] 201#900000
[1665090725] 202#900000
[1665090726] 224#FF7FFF7FFF7FFF7F
[1665090726] 368#0000FFA09BA197A1
[1665090726] 388#30E40100
[1665090726] 3A8#C96D2B6DBD650268
[1665090726] 008#000003000000
[1665090726] 181#4AD72A05
[1665090726] 182#4AE02C05
[1665090726] 025#00
[1665090726] 182#27000006
[1665090726] 181#26000006
[1665090726] 181#27000007
[1665090726] 182#26000007
[1665090726] 004#E000
[1665090726] 201#900000
[1665090726] 202#900000
[1665090726] 224#FF7FFF7FFF7FFF7F
[1665090726] 008#000003000000
[1665090726] 025#00
[1665090726] 004#E000
[1665090726] 201#900000
[1665090726] 202#900000
[1665090726] 224#FF7FFF7FFF7FFF7F
[1665090726] 109#3C00
[1665090726] 025#00
[1665090726] 008#000003000000
[1665090726] 224#FF7FFF7FFF7FFF7F
[1665090726] 201#900000
[1665090726] 202#900000
[1665090726] 004#E000
[1665090726] 430#7C076D070000
[1665090726] 025#00
[1665090726] 008#000003000000
[1665090726] 32A#FF7F
[1665090726] 30A#FF7F
[1665090726] 004#E000
[1665090726] 201#900000
[1665090726] 202#900000
[1665090726] 224#FF7FFF7FFF7FFF7F
[1665090726] 025#00
[1665090726] 227#7E647676767575
[1665090727] 207#649F659F689F12
[1665090727] 305#79F26000759F6A9D
[1665090727] 325#300C0000000000
[1665090727] 008#000003000000
[1665090727] 181#40004281020B
[1665090727] 182#40004280020B
[1665090727] 004#E000
[1665090727] 201#900000
[1665090727] 202#900000
[1665090727] 224#FF7FFF7FFF7FFF7F
[1665090727] 025#00
[1665090727] 008#000003000000
[1665090727] 004#E000
[1665090727] 201#900000
[1665090727] 202#900000
[1665090727] 224#FF7FFF7FFF7FFF7F
[1665090727] 025#00
[1665090727] 008#000003000000
[1665090727] 004#E000
[1665090727] 046#80
[1665090727] 204#20
[1665090727] 201#900000
[1665090727] 202#900000
[1665090727] 224#FF7FFF7FFF7FFF7F
[1665090727] 025#40
[1665090727] 025#40
[1665090727] 025#40
[1665090727] 008#000003000000
[1665090727] 004#E000
[1665090727] 201#900000
[1665090727] 202#900000
[1665090727] 224#FF7FFF7FFF7FFF7F
[1665090727] 025#40
[1665090727] 005#00040000
[1665090727] 008#000003000000
[1665090727] 004#E000
[1665090727] 201#900000
[1665090727] 202#900000
[1665090727] 0A0#66FF
