[1665090709] 128#C0
[1665090709] 308#FFF906000000
[1665090709] 328#97B6000030
[1665090709] 181#492B2A04
[1665090709] 182#49352A04
[1665090709] 004#E000
[1665090709] 201#900000
[1665090710] 202#900000
[1665090710] 224#FF7FFF7FFF7FFF7F
[1665090710] 368#0000FFA09BA197A1
[1665090710] 388#30E40100
[1665090710] 3A8#C96D2B6DBD650268
[1665090710] 008#000003000000
[1665090710] 181#4AD72A05
[1665090710] 182#4AE02C05
[1665090710] 025#00
[1665090710] 182#27000006
[1665090710] 181#26000006
[1665090710] 181#27000007
[1665090710] 182#26000007
[1665090710] 004#E000
[1665090710] 201#900000
[1665090710] 202#900000
[1665090710] 224#FF7FFF7FFF7FFF7F
[1665090710] 008#000003000000
[1665090710] 025#00
[1665090710] 004#E000
[1665090710] 201#900000
[1665090710] 202#900000
[1665090710] 224#FF7FFF7FFF7FFF7F
[1665090710] 109#3C00
[1665090710] 025#00
[1665090710] 008#000003000000
[1665090710] 224#FF7FFF7FFF7FFF7F
[1665090710] 201#900000
[1665090710] 202#900000
[1665090710] 004#E000
[1665090710] 430#7C076D070000
[1665090710] 025#00
[1665090710] 008#000003000000
[1665090710] 32A#FF7F
[1665090711] 30A#FF7F
[1665090711] 004#E000
[1665090711] 201#900000
[1665090711] 202#900000
[1665090711] 224#FF7FFF7FFF7FFF7F
[1665090711] 025#00
[1665090711] 227#7E647676767575
[1665090711] 207#649F659F689F12
[1665090711] 305#79F26000759F6A9D
[1665090711] 325#300C0000000000
[1665090711] 008#000003000000
[1665090711] 181#40004281020B
[1665090711] 182#40004280020B
[1665090711] 004#E000
[1665090711] 201#900000
[1665090711] 202#900000
[1665090711] 224#FF7FFF7FFF7FFF7F
[1665090711] 025#00
[1665090711] 008#000003000000
[1665090711] 004#E000
[1665090711] 201#900000
[1665090711] 202#900000
[1665090711] 224#FF7FFF7FFF7FFF7F
[1665090711] 025#00
[1665090711] 008#000003000000
[1665090711] 004#E000
[1665090711] 046#80
[1665090711] 204#20
[1665090711] 201#900000
[1665090711] 202#900000
[1665090711] 224#FF7FFF7FFF7FFF7F
[1665090711] 025#40
[1665090711] 025#40
[1665090711] 025#40
[1665090711] 008#000003000000
[1665090711] 004#E000
[1665090711] 201#900000
[1665090711] 202#900000
[1665090711] 224#FF7FFF7FFF7FFF7F
[1665090711] 025#40
[1665090711] 005#00040000
[1665090711] 008#000003000000
[1665090712] 004#E000
[1665090712] 201#900000
[1665090712] 202#900000
[1665090712] 224#FF7FFF7FFF7FFF7F
[1665090712] 182#D80004000001
[1665090712] 181#D80004000001
[1665090712] 181#8F2000040002
[1665090712] 182#8F2000040002
[1665090712] 025#40
[1665090712] 005#00040000
[1665090712] 227#81767575757575
[1665090712] 207#649F699F6B9F15
[1665090712] 305#79F26000739F6A9D
[1665090712] 325#350C0000000000
[1665090712] 181#A8000003
[1665090712] 182#A8000003
[1665090712] 345#747700
[1665090712] 128#C0
[1665090712] 308#FFFD06000000
[1665090712] 328#ADB6000030
[1665090712] 181#492B2A04
[1665090712] 182#49342A04
[1665090712] 004#E000
[1665090712] 201#900000
[1665090712] 202#900000
[1665090712] 224#FF7FFF7FFF7FFF7F
[1665090712] 181#4AD72A05
[1665090712] 182#4ADD2C05
[1665090712] 025#40
[1665090712] 005#00040000
[1665090712] 368#0000E2A080A17EA1
[1665090712] 388#E0E30100
[1665090712] 3A8#FE6DF66C81643768
[1665090712] 3C8#CC8CFF7F
[1665090712] 461#0100000001
[1665090712] 182#27000006
[1665090712] 348#DA4F
[1665090713] 108#0001000100010001
[1665090713] 181#26000006
[1665090713] 181#27000007
[1665090713] 182#26000007
[1665090713] 008#000003000000
[1665090713] 025#40
[1665090713] 004#E000
[1665090713] 201#900000
[1665090713] 202#900000
[1665090713] 224#FF7FFF7FFF7FFF7F
[1665090713] 025#40
[1665090713] 008#000003000000
[1665090713] 109#3C00
[1665090713] 004#E000
[1665090713] 201#900000
[1665090713] 202#900000
[1665090713] 224#FF7FFF7FFF7FFF7F
[1665090713] 025#40
[1665090713] 008#000003000000
[1665090713] 004#E000
[1665090713] 201#900000
[1665090713] 202#900000
[1665090713] 224#FF7FFF7FFF7FFF7F
[1665090713] 025#40
[1665090713] 008#000003000000
[1665090713] 004#E000
[1665090713] 201#900000
[1665090713] 202#900000
[1665090713] 224#FF7FFF7FFF7FFF7F
[1665090713] 025#40
[1665090713] 227#84757575747574
[1665090713] 207#669F689F6B9F18
[1665090713] 305#59F2C715739F6A9D
[1665090713] 325#720C0500000000
[1665090713] 181#40004281020B
[1665090713] 182#40004280020B
[1665090713] 008#000003000000
[1665090713] 004#E000
[1665090713] 201#900000
[1665090714] 202#900000
[1665090714] 224#FF7FFF7FFF7FFF7F
[1665090714] 025#40
[1665090714] 004#E000
[1665090714] 201#900000
[1665090714] 202#900000
[1665090714] 224#FF7FFF7FFF7FFF7F
[1665090714] 008#000003000000
[1665090714] 025#40
[1665090714] 004#E000
[1665090714] 046#80
[1665090714] 204#20
[1665090714] 201#900000
[1665090714] 202#900000
[1665090714] 224#FF7FFF7FFF7FFF7F
[1665090714] 008#000003000000
[1665090714] 025#40
[1665090714] 004#E000
[1665090714] 201#900000
[1665090714] 202#900000
[1665090714] 224#FF7FFF7FFF7FFF7F
[1665090714] 008#000003000000
[1665090714] 025#40
[1665090714] 182#D80004000001
[1665090714] 004#E000
[1665090714] 201#900000
[1665090714] 202#900000
[1665090714] 224#FF7FFF7FFF7FFF7F
[1665090714] 181#D80004000001
[1665090714] 181#8F2000040002
[1665090714] 182#8F2000040002
[1665090714] 025#40
[1665090714] 227#87747574757575
[1665090714] 207#709F6E9F6C9F1B
[1665090714] 305#79F2181F729F679D
[1665090714] 325#630C0500000000
[1665090714] 181#A8000003
[1665090714] 182#A8000003
[1665090714] 345#747700
[1665090714] 128#C0
[1665090715] 308#1FE506000000
[1665090715] 328#97B6000030
[1665090715] 368#0000ECA08BA184A1
[1665090715] 388#FBE30100
[1665090715] 3A8#946DC16CBD65DE69
[1665090715] 181#492C2A04
[1665090715] 008#000003000000
[1665090715] 182#49342A04
[1665090715] 004#E000
[1665090715] 201#900000
[1665090715] 202#900000
[1665090715] 224#FF7FFF7FFF7FFF7F
[1665090715] 181#4ADA2A05
[1665090715] 182#4AE72C05
[1665090715] 025#40
[1665090715] 182#27000006
[1665090715] 181#26000006
[1665090715] 181#27020007
[1665090715] 182#26000007
[1665090715] 008#000003000000
[1665090715] 004#E000
[1665090715] 201#900000
[1665090715] 202#900000
[1665090715] 224#FF7FFF7FFF7FFF7F
[1665090715] 025#40
[1665090715] 004#E000
[1665090715] 201#900000
[1665090715] 202#900000
[1665090715] 224#FF7FFF7FFF7FFF7F
[1665090715] 008#000003000000
[1665090715] 025#40
[1665090715] 004#E000
[1665090715] 201#900000
[1665090715] 202#900000
[1665090715] 224#FF7FFF7FFF7FFF7F
[1665090715] 430#7D0730110000
[1665090715] 008#000003000000
[1665090715] 025#40
[1665090715] 004#E000
[1665090715] 201#900000
[1665090715] 202#900000
[1665090716] 224#FF7FFF7FFF7FFF7F
[1665090716] 008#000003000000
[1665090716] 025#40
[1665090716] 227#8A757575747474
[1665090716] 207#639F679F6B9F1E
[1665090716] 305#79F2E827739F689D
[1665090716] 325#680C0800000000
[1665090716] 109#3C00
[1665090716] 181#40004281020B
[1665090716] 182#40004280020B
[1665090716] 004#E000
[1665090716] 201#900000
[1665090716] 202#900000
[1665090716] 224#FF7FFF7FFF7FFF7F
[1665090716] 025#40
[1665090716] 008#000003000000
[1665090716] 004#E000
[1665090716] 201#900000
[1665090716] 202#900000
[1665090716] 224#FF7FFF7FFF7FFF7F
[1665090716] 025#40
[1665090716] 008#000003000000
[1665090716] 004#E000
[1665090716] 046#80
[1665090716] 204#20
[1665090716] 201#900000
[1665090716] 202#900000
[1665090716] 224#FF7FFF7FFF7FFF7F
[1665090716] 025#40
[1665090716] 008#000003000000
[1665090716] 025#40
[1665090716] 008#000003000000
[1665090716] 182#D80004000001
[1665090716] 181#D80004000001
[1665090716] 181#8F2000040002
[1665090716] 182#8F2000040002
[1665090716] 025#40
[1665090716] 227#8D747474747474
[1665090716] 207#639F699F6F9F21
[1665090716] 305#79F25830739F689D
[1665090716] 325#6D0C0B00000000
[1665090716] 181#A8000003
[1665090716] 182#A8000003
[1665090717] 345#747700
[1665090717] 128#C0
[1665090717] 308#1FE506000000
[1665090717] 247#00
[1665090717] 007#00
[1665090717] 307#000000
[1665090717] 328#C5B6000030
[1665090717] 441#0100000001
[1665090717] 181#492A2A04
[1665090717] 182#49342A04
[1665090717] 181#4AD32A05
[1665090717] 368#0000FCA097A192A1
[1665090717] 388#25E40100
[1665090717] 3A8#606D576C64679967
[1665090717] 182#4AE72C05
[1665090717] 008#000003000000
[1665090717] 025#40
[1665090717] 182#27000006
[1665090717] 181#26000006
[1665090717] 181#27000007
[1665090717] 182#26000007
[1665090717] 008#000003000000
[1665090717] 025#40
[1665090717] 025#40
[1665090717] 008#000003000000
[1665090717] 109#3C00
[1665090717] 025#40
[1665090717] 008#000003000000
[1665090717] 025#40
[1665090717] 227#90747474747473
[1665090717] 207#F39EE99EE89E24
[1665090717] 305#79F26638739F689D
[1665090717] 325#680C0B00000000
[1665090717] 008#000003000000
[1665090717] 004#E000
[1665090717] 201#900000
[1665090717] 202#900000
[1665090717] 224#FF7FFF7FFF7FFF7F
[1665090717] 181#40004281020B
[1665090717] 182#40004280020B
[1665090717] 025#40
[1665090717] 202#900000
[1665090718] 008#000003000000
[1665090718] 004#E000
[1665090718] 201#900000
[1665090718] 224#FF7FFF7FFF7FFF7F
[1665090718] 025#40
[1665090718] 004#E000
[1665090718] 201#900000
[1665090718] 202#900000
[1665090718] 224#FF7FFF7FFF7FFF7F
[1665090718] 008#000003000000
[1665090718] 204#20
[1665090718] 046#80
[1665090718] 025#40
[1665090718] 004#E000
[1665090718] 201#900000
[1665090718] 202#900000
[1665090718] 224#FF7FFF7FFF7FFF7F
[1665090718] 008#000003000000
[1665090718] 025#40
[1665090718] 004#E000
[1665090718] 201#900000
[1665090718] 202#900000
[1665090718] 224#FF7FFF7FFF7FFF7F
[1665090718] 182#D80004000001
[1665090718] 0A0#66FF
